{"name":"searchWithPartialMatch","status":"broken","statusDetails":{"known":false,"muted":false,"flaky":false,"message":"Properties file not found at: D:\\Work_In_Local_Machine\\OneDrive - Nagarro\\Eclipse_Java_Developers_06_2021_Copy\\LearningWS\\UDEMY_OC_Selenium_Java_Test_Framework_&_Best_Practices_Masterclass\\OC_MasterSeleniumFramework/src/test/resources/int_config.properties","trace":"java.lang.RuntimeException: Properties file not found at: D:\\Work_In_Local_Machine\\OneDrive - Nagarro\\Eclipse_Java_Developers_06_2021_Copy\\LearningWS\\UDEMY_OC_Selenium_Java_Test_Framework_&_Best_Practices_Masterclass\\OC_MasterSeleniumFramework/src/test/resources/int_config.properties\r\n\tat org.selenium.pom.utils.PropertyUtils.propertyLoader(PropertyUtils.java:18)\r\n\tat org.selenium.pom.utils.ConfigLoader.<init>(ConfigLoader.java:27)\r\n\tat org.selenium.pom.utils.ConfigLoader.getInstance(ConfigLoader.java:52)\r\n\tat org.selenium.pom.base.BasePage.load(BasePage.java:44)\r\n\tat org.selenium.pom.pages.StorePage.load(StorePage.java:54)\r\n\tat org.selenium.tests.SearchTest.searchWithPartialMatch(SearchTest.java:15)\r\n\tat java.base/jdk.internal.reflect.NativeMethodAccessorImpl.invoke0(Native Method)\r\n\tat java.base/jdk.internal.reflect.NativeMethodAccessorImpl.invoke(NativeMethodAccessorImpl.java:78)\r\n\tat java.base/jdk.internal.reflect.DelegatingMethodAccessorImpl.invoke(DelegatingMethodAccessorImpl.java:43)\r\n\tat java.base/java.lang.reflect.Method.invoke(Method.java:567)\r\n\tat org.testng.internal.MethodInvocationHelper.invokeMethod(MethodInvocationHelper.java:132)\r\n\tat org.testng.internal.TestInvoker.invokeMethod(TestInvoker.java:599)\r\n\tat org.testng.internal.TestInvoker.invokeTestMethod(TestInvoker.java:174)\r\n\tat org.testng.internal.MethodRunner.runInSequence(MethodRunner.java:46)\r\n\tat org.testng.internal.TestInvoker$MethodInvocationAgent.invoke(TestInvoker.java:822)\r\n\tat org.testng.internal.TestInvoker.invokeTestMethods(TestInvoker.java:147)\r\n\tat org.testng.internal.TestMethodWorker.invokeTestMethods(TestMethodWorker.java:146)\r\n\tat org.testng.internal.TestMethodWorker.run(TestMethodWorker.java:128)\r\n\tat java.base/java.util.concurrent.ThreadPoolExecutor.runWorker(ThreadPoolExecutor.java:1130)\r\n\tat java.base/java.util.concurrent.ThreadPoolExecutor$Worker.run(ThreadPoolExecutor.java:630)\r\n\tat java.base/java.lang.Thread.run(Thread.java:831)\r\n"},"stage":"finished","steps":[{"name":"load","status":"broken","statusDetails":{"known":false,"muted":false,"flaky":false,"message":"Properties file not found at: D:\\Work_In_Local_Machine\\OneDrive - Nagarro\\Eclipse_Java_Developers_06_2021_Copy\\LearningWS\\UDEMY_OC_Selenium_Java_Test_Framework_&_Best_Practices_Masterclass\\OC_MasterSeleniumFramework/src/test/resources/int_config.properties","trace":"java.lang.RuntimeException: Properties file not found at: D:\\Work_In_Local_Machine\\OneDrive - Nagarro\\Eclipse_Java_Developers_06_2021_Copy\\LearningWS\\UDEMY_OC_Selenium_Java_Test_Framework_&_Best_Practices_Masterclass\\OC_MasterSeleniumFramework/src/test/resources/int_config.properties\r\n\tat org.selenium.pom.utils.PropertyUtils.propertyLoader(PropertyUtils.java:18)\r\n\tat org.selenium.pom.utils.ConfigLoader.<init>(ConfigLoader.java:27)\r\n\tat org.selenium.pom.utils.ConfigLoader.getInstance(ConfigLoader.java:52)\r\n\tat org.selenium.pom.base.BasePage.load(BasePage.java:44)\r\n\tat org.selenium.pom.pages.StorePage.load(StorePage.java:54)\r\n\tat org.selenium.tests.SearchTest.searchWithPartialMatch(SearchTest.java:15)\r\n\tat java.base/jdk.internal.reflect.NativeMethodAccessorImpl.invoke0(Native Method)\r\n\tat java.base/jdk.internal.reflect.NativeMethodAccessorImpl.invoke(NativeMethodAccessorImpl.java:78)\r\n\tat java.base/jdk.internal.reflect.DelegatingMethodAccessorImpl.invoke(DelegatingMethodAccessorImpl.java:43)\r\n\tat java.base/java.lang.reflect.Method.invoke(Method.java:567)\r\n\tat org.testng.internal.MethodInvocationHelper.invokeMethod(MethodInvocationHelper.java:132)\r\n\tat org.testng.internal.TestInvoker.invokeMethod(TestInvoker.java:599)\r\n\tat org.testng.internal.TestInvoker.invokeTestMethod(TestInvoker.java:174)\r\n\tat org.testng.internal.MethodRunner.runInSequence(MethodRunner.java:46)\r\n\tat org.testng.internal.TestInvoker$MethodInvocationAgent.invoke(TestInvoker.java:822)\r\n\tat org.testng.internal.TestInvoker.invokeTestMethods(TestInvoker.java:147)\r\n\tat org.testng.internal.TestMethodWorker.invokeTestMethods(TestMethodWorker.java:146)\r\n\tat org.testng.internal.TestMethodWorker.run(TestMethodWorker.java:128)\r\n\tat java.base/java.util.concurrent.ThreadPoolExecutor.runWorker(ThreadPoolExecutor.java:1130)\r\n\tat java.base/java.util.concurrent.ThreadPoolExecutor$Worker.run(ThreadPoolExecutor.java:630)\r\n\tat java.base/java.lang.Thread.run(Thread.java:831)\r\n"},"stage":"finished","steps":[],"attachments":[],"parameters":[],"start":1633339454623,"stop":1633339454623}],"attachments":[],"parameters":[{"name":"browser","value":"FIREFOX"}],"start":1633339454622,"stop":1633339454624,"uuid":"93acb038-eeaa-4249-b70f-54049a42fb76","historyId":"cfb45599ce2314f2b7187e738110a15d","fullName":"org.selenium.tests.SearchTest.searchWithPartialMatch","labels":[{"name":"package","value":"org.selenium.tests.SearchTest"},{"name":"testClass","value":"org.selenium.tests.SearchTest"},{"name":"testMethod","value":"searchWithPartialMatch"},{"name":"parentSuite","value":"Automation Test Suite"},{"name":"suite","value":"Regression Tests execution over Firefox Browser"},{"name":"subSuite","value":"org.selenium.tests.SearchTest"},{"name":"host","value":"rajatvera01"},{"name":"thread","value":"33832@rajatvera01.TestNG-test=Regression Tests execution over Firefox Browser-2(23)"},{"name":"framework","value":"testng"},{"name":"language","value":"java"}],"links":[]}